============================================
Job ID: 17538838
Job Name: lamaml_exp
Node: a100-4018
Partition: a100_short
Start time: Wed Jan 21 14:17:17 EST 2026
Config: traditional_nonseq_2013_2018
Seed: 11
Paths: gpfs
============================================
Running: python /gpfs/data/oermannlab/users/slj9342/la_maml_clinical_v2/scripts/run_experiment.py --config traditional_nonseq_2013_2018 --paths gpfs --seed 11
============================================
[rank: 0] Global seed set to 11
Some weights of BertForSequenceClassification were not initialized from the model checkpoint at /gpfs/data/oermannlab/NYUTron/model_zoos/nyutron_small/checkpoint-736000 and are newly initialized: ['bert.pooler.dense.bias', 'bert.pooler.dense.weight', 'classifier.bias', 'classifier.weight']
You should probably TRAIN this model on a down-stream task to be able to use it for predictions and inference.
wandb: Using wandb-core as the SDK backend.  Please refer to https://wandb.me/wandb-core for more information.
wandb: W&B API key is configured. Use `wandb login --relogin` to force relogin
wandb: ERROR Run initialization has timed out after 90.0 sec. Please try increasing the timeout with the `init_timeout` setting: `wandb.init(settings=wandb.Settings(init_timeout=120))`.
Traceback (most recent call last):
  File "/gpfs/data/oermannlab/users/slj9342/.conda/envs/amazon_fashion_env/lib/python3.11/asyncio/tasks.py", line 500, in wait_for
    return fut.result()
           ^^^^^^^^^^^^
  File "/gpfs/data/oermannlab/users/slj9342/.conda/envs/amazon_fashion_env/lib/python3.11/asyncio/locks.py", line 213, in wait
    await fut
asyncio.exceptions.CancelledError

The above exception was the direct cause of the following exception:

Traceback (most recent call last):
  File "/gpfs/data/oermannlab/users/slj9342/.local/lib/python3.11/site-packages/wandb/sdk/mailbox/response_handle.py", line 109, in wait_async
    await asyncio.wait_for(evt.wait(), timeout=timeout)
  File "/gpfs/data/oermannlab/users/slj9342/.conda/envs/amazon_fashion_env/lib/python3.11/asyncio/tasks.py", line 502, in wait_for
    raise exceptions.TimeoutError() from exc
TimeoutError

The above exception was the direct cause of the following exception:

Traceback (most recent call last):
  File "/gpfs/data/oermannlab/users/slj9342/.local/lib/python3.11/site-packages/wandb/sdk/wandb_init.py", line 941, in init
    result = wait_with_progress(
             ^^^^^^^^^^^^^^^^^^^
  File "/gpfs/data/oermannlab/users/slj9342/.local/lib/python3.11/site-packages/wandb/sdk/mailbox/wait_with_progress.py", line 24, in wait_with_progress
    return wait_all_with_progress(
           ^^^^^^^^^^^^^^^^^^^^^^^
  File "/gpfs/data/oermannlab/users/slj9342/.local/lib/python3.11/site-packages/wandb/sdk/mailbox/wait_with_progress.py", line 87, in wait_all_with_progress
    return asyncio_compat.run(progress_loop_with_timeout)
           ^^^^^^^^^^^^^^^^^^^^^^^^^^^^^^^^^^^^^^^^^^^^^^
  File "/gpfs/data/oermannlab/users/slj9342/.local/lib/python3.11/site-packages/wandb/sdk/lib/asyncio_compat.py", line 30, in run
    return future.result()
           ^^^^^^^^^^^^^^^
  File "/gpfs/data/oermannlab/users/slj9342/.conda/envs/amazon_fashion_env/lib/python3.11/concurrent/futures/_base.py", line 456, in result
    return self.__get_result()
           ^^^^^^^^^^^^^^^^^^^
  File "/gpfs/data/oermannlab/users/slj9342/.conda/envs/amazon_fashion_env/lib/python3.11/concurrent/futures/_base.py", line 401, in __get_result
    raise self._exception
  File "/gpfs/data/oermannlab/users/slj9342/.conda/envs/amazon_fashion_env/lib/python3.11/concurrent/futures/thread.py", line 58, in run
    result = self.fn(*self.args, **self.kwargs)
             ^^^^^^^^^^^^^^^^^^^^^^^^^^^^^^^^^^
  File "/gpfs/data/oermannlab/users/slj9342/.local/lib/python3.11/site-packages/wandb/sdk/lib/asyncio_compat.py", line 74, in run
    return asyncio.run(self._run_or_cancel(fn))
           ^^^^^^^^^^^^^^^^^^^^^^^^^^^^^^^^^^^^
  File "/gpfs/data/oermannlab/users/slj9342/.conda/envs/amazon_fashion_env/lib/python3.11/asyncio/runners.py", line 190, in run
    return runner.run(main)
           ^^^^^^^^^^^^^^^^
  File "/gpfs/data/oermannlab/users/slj9342/.conda/envs/amazon_fashion_env/lib/python3.11/asyncio/runners.py", line 118, in run
    return self._loop.run_until_complete(task)
           ^^^^^^^^^^^^^^^^^^^^^^^^^^^^^^^^^^^
  File "/gpfs/data/oermannlab/users/slj9342/.conda/envs/amazon_fashion_env/lib/python3.11/asyncio/base_events.py", line 654, in run_until_complete
    return future.result()
           ^^^^^^^^^^^^^^^
  File "/gpfs/data/oermannlab/users/slj9342/.local/lib/python3.11/site-packages/wandb/sdk/lib/asyncio_compat.py", line 98, in _run_or_cancel
    return fn_task.result()
           ^^^^^^^^^^^^^^^^
  File "/gpfs/data/oermannlab/users/slj9342/.local/lib/python3.11/site-packages/wandb/sdk/mailbox/wait_with_progress.py", line 82, in progress_loop_with_timeout
    return await _wait_handles_async(
           ^^^^^^^^^^^^^^^^^^^^^^^^^^
  File "/gpfs/data/oermannlab/users/slj9342/.local/lib/python3.11/site-packages/wandb/sdk/mailbox/wait_with_progress.py", line 130, in _wait_handles_async
    async with asyncio_compat.open_task_group() as task_group:
  File "/gpfs/data/oermannlab/users/slj9342/.conda/envs/amazon_fashion_env/lib/python3.11/contextlib.py", line 217, in __aexit__
    await anext(self.gen)
  File "/gpfs/data/oermannlab/users/slj9342/.local/lib/python3.11/site-packages/wandb/sdk/lib/asyncio_compat.py", line 190, in open_task_group
    await task_group._wait_all()
  File "/gpfs/data/oermannlab/users/slj9342/.local/lib/python3.11/site-packages/wandb/sdk/lib/asyncio_compat.py", line 159, in _wait_all
    raise exc
  File "/gpfs/data/oermannlab/users/slj9342/.local/lib/python3.11/site-packages/wandb/sdk/mailbox/wait_with_progress.py", line 128, in wait_single
    results[index] = await handle.wait_async(timeout=timeout)
                     ^^^^^^^^^^^^^^^^^^^^^^^^^^^^^^^^^^^^^^^^
  File "/gpfs/data/oermannlab/users/slj9342/.local/lib/python3.11/site-packages/wandb/sdk/mailbox/mailbox_handle.py", line 126, in wait_async
    response = await self._handle.wait_async(timeout=timeout)
               ^^^^^^^^^^^^^^^^^^^^^^^^^^^^^^^^^^^^^^^^^^^^^^
  File "/gpfs/data/oermannlab/users/slj9342/.local/lib/python3.11/site-packages/wandb/sdk/mailbox/response_handle.py", line 118, in wait_async
    raise TimeoutError(
TimeoutError: Timed out waiting for response on shky7124cpwy

During handling of the above exception, another exception occurred:

Traceback (most recent call last):
  File "/gpfs/data/oermannlab/users/slj9342/la_maml_clinical_v2/scripts/run_experiment.py", line 37, in <module>
    main()
  File "/gpfs/data/oermannlab/users/slj9342/la_maml_clinical_v2/src/lamaml_clinical/training/runner.py", line 484, in main
    runner.run()
  File "/gpfs/data/oermannlab/users/slj9342/la_maml_clinical_v2/src/lamaml_clinical/training/runner.py", line 326, in run
    self.run_nonsequential()
  File "/gpfs/data/oermannlab/users/slj9342/la_maml_clinical_v2/src/lamaml_clinical/training/runner.py", line 333, in run_nonsequential
    logger = self._create_logger()
             ^^^^^^^^^^^^^^^^^^^^^
  File "/gpfs/data/oermannlab/users/slj9342/la_maml_clinical_v2/src/lamaml_clinical/training/runner.py", line 239, in _create_logger
    return WandbLogger(
           ^^^^^^^^^^^^
  File "/gpfs/data/oermannlab/users/slj9342/.conda/envs/amazon_fashion_env/lib/python3.11/site-packages/pytorch_lightning/loggers/wandb.py", line 357, in __init__
    _ = self.experiment
        ^^^^^^^^^^^^^^^
  File "/gpfs/data/oermannlab/users/slj9342/.conda/envs/amazon_fashion_env/lib/python3.11/site-packages/lightning_fabric/loggers/logger.py", line 114, in experiment
    return fn(self)
           ^^^^^^^^
  File "/gpfs/data/oermannlab/users/slj9342/.conda/envs/amazon_fashion_env/lib/python3.11/site-packages/pytorch_lightning/loggers/wandb.py", line 405, in experiment
    self._experiment = wandb.init(**self._wandb_init)
                       ^^^^^^^^^^^^^^^^^^^^^^^^^^^^^^
  File "/gpfs/data/oermannlab/users/slj9342/.local/lib/python3.11/site-packages/wandb/sdk/wandb_init.py", line 1482, in init
    wandb._sentry.reraise(e)
  File "/gpfs/data/oermannlab/users/slj9342/.local/lib/python3.11/site-packages/wandb/analytics/sentry.py", line 156, in reraise
    raise exc.with_traceback(sys.exc_info()[2])
  File "/gpfs/data/oermannlab/users/slj9342/.local/lib/python3.11/site-packages/wandb/sdk/wandb_init.py", line 1468, in init
    return wi.init(run_settings, run_config)
           ^^^^^^^^^^^^^^^^^^^^^^^^^^^^^^^^^
  File "/gpfs/data/oermannlab/users/slj9342/.local/lib/python3.11/site-packages/wandb/sdk/wandb_init.py", line 954, in init
    raise CommError(
wandb.errors.errors.CommError: Run initialization has timed out after 90.0 sec. Please try increasing the timeout with the `init_timeout` setting: `wandb.init(settings=wandb.Settings(init_timeout=120))`.
[2026-01-21T14:29:24.024] error: *** JOB 17538838 ON a100-4018 CANCELLED AT 2026-01-21T14:29:24 DUE to SIGNAL Terminated ***
